<?xml version="1.0" encoding="UTF-8"?>
<!-- Generated by org.testng.reporters.JUnitXMLReporter -->
<testsuite ignored="0" hostname="DESKTOP-8IO9O82" failures="1" tests="3" name="Test" time="98.354" errors="0" timestamp="2021-10-04T09:51:46 IST">
  <testcase classname="oct2_ExtentReporting.ContactUsTestcases" name="contactUsTest001" time="18.559"/>
  <testcase classname="oct2_ExtentReporting.ContactUsTestcases" name="contactUsTest002" time="17.196">
    <failure type="java.lang.AssertionError" message="expected [true] but found [false]">
      <![CDATA[java.lang.AssertionError: expected [true] but found [false]
at oct2_ExtentReporting.ContactUsTestcases.contactUsTest002(ContactUsTestcases.java:67)
at java.base/java.util.ArrayList.forEach(ArrayList.java:1511)
... Removed 31 stack frames]]>
    </failure>
  </testcase> <!-- contactUsTest002 -->
  <testcase classname="oct2_ExtentReporting.ContactUsTestcases" name="contactUsTest003" time="0.0">
    <skipped/>
  </testcase> <!-- contactUsTest003 -->
</testsuite> <!-- Test -->
